2025-09-25 14:21:29.171 INFO  [main] com.ssafy.a303.monitoringtest.MonitoringTestApplication - Starting MonitoringTestApplication using Java 21.0.7 with PID 18292 (C:\Users\SSAFY\Desktop\project\monitoringTest\build\classes\java\main started by SSAFY in C:\Users\SSAFY\Desktop\project\monitoringTest)
2025-09-25 14:21:29.175 INFO  [main] com.ssafy.a303.monitoringtest.MonitoringTestApplication - No active profile set, falling back to 1 default profile: "default"
2025-09-25 14:21:30.141 INFO  [main] org.springframework.boot.web.embedded.tomcat.TomcatWebServer - Tomcat initialized with port 8080 (http)
2025-09-25 14:21:30.152 INFO  [main] org.apache.coyote.http11.Http11NioProtocol - Initializing ProtocolHandler ["http-nio-8080"]
2025-09-25 14:21:30.153 INFO  [main] org.apache.catalina.core.StandardService - Starting service [Tomcat]
2025-09-25 14:21:30.153 INFO  [main] org.apache.catalina.core.StandardEngine - Starting Servlet engine: [Apache Tomcat/10.1.46]
2025-09-25 14:21:30.199 INFO  [main] org.apache.catalina.core.ContainerBase.[Tomcat].[localhost].[/] - Initializing Spring embedded WebApplicationContext
2025-09-25 14:21:30.200 INFO  [main] org.springframework.boot.web.servlet.context.ServletWebServerApplicationContext - Root WebApplicationContext: initialization completed in 990 ms
2025-09-25 14:21:30.603 INFO  [main] org.springframework.boot.actuate.endpoint.web.EndpointLinksResolver - Exposing 4 endpoints beneath base path '/actuator'
2025-09-25 14:21:30.619 WARN  [main] org.springframework.boot.autoconfigure.security.servlet.UserDetailsServiceAutoConfiguration - 

Using generated security password: 80a454a3-3448-4a4d-adf6-a8d2c640486d

This generated password is for development use only. Your security configuration must be updated before running your application in production.

2025-09-25 14:21:30.625 INFO  [main] org.springframework.security.config.annotation.authentication.configuration.InitializeUserDetailsBeanManagerConfigurer$InitializeUserDetailsManagerConfigurer - Global AuthenticationManager configured with UserDetailsService bean with name inMemoryUserDetailsManager
2025-09-25 14:21:30.868 INFO  [main] org.apache.coyote.http11.Http11NioProtocol - Starting ProtocolHandler ["http-nio-8080"]
2025-09-25 14:21:30.883 INFO  [main] org.springframework.boot.web.embedded.tomcat.TomcatWebServer - Tomcat started on port 8080 (http) with context path '/'
2025-09-25 14:21:30.891 INFO  [main] com.ssafy.a303.monitoringtest.MonitoringTestApplication - Started MonitoringTestApplication in 2.265 seconds (process running for 2.789)
2025-09-25 14:21:31.232 INFO  [RMI TCP Connection(1)-70.12.246.93] org.apache.catalina.core.ContainerBase.[Tomcat].[localhost].[/] - Initializing Spring DispatcherServlet 'dispatcherServlet'
2025-09-25 14:21:31.232 INFO  [RMI TCP Connection(1)-70.12.246.93] org.springframework.web.servlet.DispatcherServlet - Initializing Servlet 'dispatcherServlet'
2025-09-25 14:21:31.233 INFO  [RMI TCP Connection(1)-70.12.246.93] org.springframework.web.servlet.DispatcherServlet - Completed initialization in 1 ms
2025-09-25 15:54:14.158 INFO  [SpringApplicationShutdownHook] org.springframework.boot.web.embedded.tomcat.GracefulShutdown - Commencing graceful shutdown. Waiting for active requests to complete
2025-09-25 15:54:14.169 INFO  [tomcat-shutdown] org.springframework.boot.web.embedded.tomcat.GracefulShutdown - Graceful shutdown complete
2025-09-25 16:00:32.613 INFO  [main] com.ssafy.a303.monitoringtest.MonitoringTestApplication - Starting MonitoringTestApplication using Java 21.0.7 with PID 47508 (C:\Users\SSAFY\Desktop\project\monitoringTest\build\classes\java\main started by SSAFY in C:\Users\SSAFY\Desktop\project\monitoringTest)
2025-09-25 16:00:32.615 INFO  [main] com.ssafy.a303.monitoringtest.MonitoringTestApplication - No active profile set, falling back to 1 default profile: "default"
2025-09-25 16:00:33.488 INFO  [main] org.springframework.boot.web.embedded.tomcat.TomcatWebServer - Tomcat initialized with port 8080 (http)
2025-09-25 16:00:33.498 INFO  [main] org.apache.coyote.http11.Http11NioProtocol - Initializing ProtocolHandler ["http-nio-8080"]
2025-09-25 16:00:33.499 INFO  [main] org.apache.catalina.core.StandardService - Starting service [Tomcat]
2025-09-25 16:00:33.499 INFO  [main] org.apache.catalina.core.StandardEngine - Starting Servlet engine: [Apache Tomcat/10.1.46]
2025-09-25 16:00:33.542 INFO  [main] org.apache.catalina.core.ContainerBase.[Tomcat].[localhost].[/] - Initializing Spring embedded WebApplicationContext
2025-09-25 16:00:33.542 INFO  [main] org.springframework.boot.web.servlet.context.ServletWebServerApplicationContext - Root WebApplicationContext: initialization completed in 890 ms
2025-09-25 16:00:33.888 INFO  [main] org.springframework.boot.actuate.endpoint.web.EndpointLinksResolver - Exposing 4 endpoints beneath base path '/actuator'
2025-09-25 16:00:33.903 WARN  [main] org.springframework.boot.autoconfigure.security.servlet.UserDetailsServiceAutoConfiguration - 

Using generated security password: b7ce289b-31bd-4712-af18-98aabdd0c972

This generated password is for development use only. Your security configuration must be updated before running your application in production.

2025-09-25 16:00:33.908 INFO  [main] org.springframework.security.config.annotation.authentication.configuration.InitializeUserDetailsBeanManagerConfigurer$InitializeUserDetailsManagerConfigurer - Global AuthenticationManager configured with UserDetailsService bean with name inMemoryUserDetailsManager
2025-09-25 16:00:34.141 INFO  [main] org.apache.coyote.http11.Http11NioProtocol - Starting ProtocolHandler ["http-nio-8080"]
2025-09-25 16:00:34.156 INFO  [main] org.springframework.boot.web.embedded.tomcat.TomcatWebServer - Tomcat started on port 8080 (http) with context path '/'
2025-09-25 16:00:34.163 INFO  [main] com.ssafy.a303.monitoringtest.MonitoringTestApplication - Started MonitoringTestApplication in 2.128 seconds (process running for 2.675)
2025-09-25 16:00:34.699 INFO  [RMI TCP Connection(4)-70.12.246.93] org.apache.catalina.core.ContainerBase.[Tomcat].[localhost].[/] - Initializing Spring DispatcherServlet 'dispatcherServlet'
2025-09-25 16:00:34.700 INFO  [RMI TCP Connection(4)-70.12.246.93] org.springframework.web.servlet.DispatcherServlet - Initializing Servlet 'dispatcherServlet'
2025-09-25 16:00:34.702 INFO  [RMI TCP Connection(4)-70.12.246.93] org.springframework.web.servlet.DispatcherServlet - Completed initialization in 1 ms
2025-09-25 16:02:16.150 INFO  [http-nio-8080-exec-2] com.ssafy.a303.monitoringtest.controller.HelloController - hello api
2025-09-25 16:04:03.613 INFO  [http-nio-8080-exec-5] com.ssafy.a303.monitoringtest.controller.HelloController - hello api
2025-09-25 16:04:04.194 INFO  [http-nio-8080-exec-7] com.ssafy.a303.monitoringtest.controller.HelloController - hello api
2025-09-25 16:04:04.451 INFO  [http-nio-8080-exec-9] com.ssafy.a303.monitoringtest.controller.HelloController - hello api
2025-09-25 16:04:04.681 INFO  [http-nio-8080-exec-1] com.ssafy.a303.monitoringtest.controller.HelloController - hello api
2025-09-25 16:04:04.911 INFO  [http-nio-8080-exec-4] com.ssafy.a303.monitoringtest.controller.HelloController - hello api
2025-09-25 16:04:05.114 INFO  [http-nio-8080-exec-6] com.ssafy.a303.monitoringtest.controller.HelloController - hello api
2025-09-25 16:04:05.269 INFO  [http-nio-8080-exec-8] com.ssafy.a303.monitoringtest.controller.HelloController - hello api
2025-09-25 16:04:05.419 INFO  [http-nio-8080-exec-10] com.ssafy.a303.monitoringtest.controller.HelloController - hello api
2025-09-25 16:08:52.632 INFO  [http-nio-8080-exec-7] com.ssafy.a303.monitoringtest.controller.HelloController - hello api
2025-09-25 16:08:54.383 INFO  [http-nio-8080-exec-9] com.ssafy.a303.monitoringtest.controller.HelloController - hello api
2025-09-25 16:08:54.575 INFO  [http-nio-8080-exec-1] com.ssafy.a303.monitoringtest.controller.HelloController - hello api
2025-09-25 16:08:54.729 INFO  [http-nio-8080-exec-4] com.ssafy.a303.monitoringtest.controller.HelloController - hello api
2025-09-25 16:08:54.882 INFO  [http-nio-8080-exec-3] com.ssafy.a303.monitoringtest.controller.HelloController - hello api
2025-09-25 16:08:55.060 INFO  [http-nio-8080-exec-8] com.ssafy.a303.monitoringtest.controller.HelloController - hello api
2025-09-25 16:08:55.215 INFO  [http-nio-8080-exec-10] com.ssafy.a303.monitoringtest.controller.HelloController - hello api
2025-09-25 16:08:55.388 INFO  [http-nio-8080-exec-2] com.ssafy.a303.monitoringtest.controller.HelloController - hello api
2025-09-25 16:08:55.566 INFO  [http-nio-8080-exec-5] com.ssafy.a303.monitoringtest.controller.HelloController - hello api
2025-09-25 16:08:55.721 INFO  [http-nio-8080-exec-6] com.ssafy.a303.monitoringtest.controller.HelloController - hello api
2025-09-25 16:08:55.873 INFO  [http-nio-8080-exec-8] com.ssafy.a303.monitoringtest.controller.HelloController - hello api
2025-09-25 16:08:56.058 INFO  [http-nio-8080-exec-10] com.ssafy.a303.monitoringtest.controller.HelloController - hello api
2025-09-25 16:08:56.261 INFO  [http-nio-8080-exec-2] com.ssafy.a303.monitoringtest.controller.HelloController - hello api
2025-09-25 16:08:56.468 INFO  [http-nio-8080-exec-5] com.ssafy.a303.monitoringtest.controller.HelloController - hello api
2025-09-25 16:08:56.665 INFO  [http-nio-8080-exec-6] com.ssafy.a303.monitoringtest.controller.HelloController - hello api
2025-09-25 16:08:56.814 INFO  [http-nio-8080-exec-8] com.ssafy.a303.monitoringtest.controller.HelloController - hello api
2025-09-25 16:09:03.653 INFO  [http-nio-8080-exec-1] com.ssafy.a303.monitoringtest.controller.HelloController - hello api
2025-09-25 16:09:03.819 INFO  [http-nio-8080-exec-4] com.ssafy.a303.monitoringtest.controller.HelloController - hello api
2025-09-25 16:09:03.973 INFO  [http-nio-8080-exec-3] com.ssafy.a303.monitoringtest.controller.HelloController - hello api
2025-09-25 16:09:04.113 INFO  [http-nio-8080-exec-7] com.ssafy.a303.monitoringtest.controller.HelloController - hello api
2025-09-25 16:09:04.266 INFO  [http-nio-8080-exec-9] com.ssafy.a303.monitoringtest.controller.HelloController - hello api
2025-09-25 16:09:04.413 INFO  [http-nio-8080-exec-1] com.ssafy.a303.monitoringtest.controller.HelloController - hello api
2025-09-25 16:09:04.556 INFO  [http-nio-8080-exec-4] com.ssafy.a303.monitoringtest.controller.HelloController - hello api
2025-09-25 16:09:04.710 INFO  [http-nio-8080-exec-3] com.ssafy.a303.monitoringtest.controller.HelloController - hello api
2025-09-25 16:09:04.867 INFO  [http-nio-8080-exec-7] com.ssafy.a303.monitoringtest.controller.HelloController - hello api
2025-09-25 16:09:05.021 INFO  [http-nio-8080-exec-10] com.ssafy.a303.monitoringtest.controller.HelloController - hello api
2025-09-25 16:09:05.161 INFO  [http-nio-8080-exec-2] com.ssafy.a303.monitoringtest.controller.HelloController - hello api
2025-09-25 16:09:05.326 INFO  [http-nio-8080-exec-5] com.ssafy.a303.monitoringtest.controller.HelloController - hello api
2025-09-25 16:09:05.486 INFO  [http-nio-8080-exec-6] com.ssafy.a303.monitoringtest.controller.HelloController - hello api
2025-09-25 16:09:05.641 INFO  [http-nio-8080-exec-8] com.ssafy.a303.monitoringtest.controller.HelloController - hello api
2025-09-25 16:09:05.799 INFO  [http-nio-8080-exec-10] com.ssafy.a303.monitoringtest.controller.HelloController - hello api
2025-09-25 16:09:05.961 INFO  [http-nio-8080-exec-2] com.ssafy.a303.monitoringtest.controller.HelloController - hello api
2025-09-25 16:09:06.108 INFO  [http-nio-8080-exec-5] com.ssafy.a303.monitoringtest.controller.HelloController - hello api
2025-09-25 16:09:06.276 INFO  [http-nio-8080-exec-6] com.ssafy.a303.monitoringtest.controller.HelloController - hello api
2025-09-25 16:09:06.461 INFO  [http-nio-8080-exec-8] com.ssafy.a303.monitoringtest.controller.HelloController - hello api
2025-09-25 16:09:06.623 INFO  [http-nio-8080-exec-10] com.ssafy.a303.monitoringtest.controller.HelloController - hello api
2025-09-25 16:09:06.798 INFO  [http-nio-8080-exec-2] com.ssafy.a303.monitoringtest.controller.HelloController - hello api
2025-09-25 16:09:06.945 INFO  [http-nio-8080-exec-5] com.ssafy.a303.monitoringtest.controller.HelloController - hello api
2025-09-25 16:09:07.117 INFO  [http-nio-8080-exec-6] com.ssafy.a303.monitoringtest.controller.HelloController - hello api
2025-09-25 16:09:07.290 INFO  [http-nio-8080-exec-8] com.ssafy.a303.monitoringtest.controller.HelloController - hello api
2025-09-25 16:09:07.457 INFO  [http-nio-8080-exec-10] com.ssafy.a303.monitoringtest.controller.HelloController - hello api
2025-09-25 16:09:07.616 INFO  [http-nio-8080-exec-2] com.ssafy.a303.monitoringtest.controller.HelloController - hello api
2025-09-25 16:09:19.502 INFO  [http-nio-8080-exec-6] com.ssafy.a303.monitoringtest.controller.HelloController - hello api
2025-09-25 16:09:19.645 INFO  [http-nio-8080-exec-8] com.ssafy.a303.monitoringtest.controller.HelloController - hello api
2025-09-25 16:09:19.812 INFO  [http-nio-8080-exec-10] com.ssafy.a303.monitoringtest.controller.HelloController - hello api
2025-09-25 16:09:19.998 INFO  [http-nio-8080-exec-4] com.ssafy.a303.monitoringtest.controller.HelloController - hello api
2025-09-25 16:09:20.316 INFO  [http-nio-8080-exec-3] com.ssafy.a303.monitoringtest.controller.HelloController - hello api
2025-09-25 16:09:20.480 INFO  [http-nio-8080-exec-7] com.ssafy.a303.monitoringtest.controller.HelloController - hello api
2025-09-25 16:09:20.647 INFO  [http-nio-8080-exec-9] com.ssafy.a303.monitoringtest.controller.HelloController - hello api
2025-09-25 16:09:20.831 INFO  [http-nio-8080-exec-1] com.ssafy.a303.monitoringtest.controller.HelloController - hello api
2025-09-25 16:09:20.999 INFO  [http-nio-8080-exec-4] com.ssafy.a303.monitoringtest.controller.HelloController - hello api
2025-09-25 16:09:21.172 INFO  [http-nio-8080-exec-3] com.ssafy.a303.monitoringtest.controller.HelloController - hello api
2025-09-25 16:09:21.320 INFO  [http-nio-8080-exec-7] com.ssafy.a303.monitoringtest.controller.HelloController - hello api
2025-09-25 16:09:21.515 INFO  [http-nio-8080-exec-9] com.ssafy.a303.monitoringtest.controller.HelloController - hello api
2025-09-25 16:09:21.707 INFO  [http-nio-8080-exec-1] com.ssafy.a303.monitoringtest.controller.HelloController - hello api
2025-09-25 16:12:22.897 INFO  [http-nio-8080-exec-1] com.ssafy.a303.monitoringtest.controller.HelloController - hello api
2025-09-25 16:12:23.068 INFO  [http-nio-8080-exec-4] com.ssafy.a303.monitoringtest.controller.HelloController - hello api
2025-09-25 16:12:23.223 INFO  [http-nio-8080-exec-3] com.ssafy.a303.monitoringtest.controller.HelloController - hello api
2025-09-25 16:12:23.369 INFO  [http-nio-8080-exec-7] com.ssafy.a303.monitoringtest.controller.HelloController - hello api
2025-09-25 16:12:23.537 INFO  [http-nio-8080-exec-9] com.ssafy.a303.monitoringtest.controller.HelloController - hello api
2025-09-25 16:12:23.703 INFO  [http-nio-8080-exec-1] com.ssafy.a303.monitoringtest.controller.HelloController - hello api
2025-09-25 16:12:23.844 INFO  [http-nio-8080-exec-4] com.ssafy.a303.monitoringtest.controller.HelloController - hello api
2025-09-25 16:14:20.022 INFO  [http-nio-8080-exec-1] com.ssafy.a303.monitoringtest.controller.HelloController - hello api
2025-09-25 16:14:20.611 INFO  [http-nio-8080-exec-4] com.ssafy.a303.monitoringtest.controller.HelloController - hello api
2025-09-25 16:14:21.070 INFO  [http-nio-8080-exec-3] com.ssafy.a303.monitoringtest.controller.HelloController - hello api
2025-09-25 16:14:21.542 INFO  [http-nio-8080-exec-7] com.ssafy.a303.monitoringtest.controller.HelloController - hello api
2025-09-25 16:14:21.773 INFO  [http-nio-8080-exec-9] com.ssafy.a303.monitoringtest.controller.HelloController - hello api
2025-09-25 16:14:22.045 INFO  [http-nio-8080-exec-1] com.ssafy.a303.monitoringtest.controller.HelloController - hello api
2025-09-25 16:14:22.217 INFO  [http-nio-8080-exec-4] com.ssafy.a303.monitoringtest.controller.HelloController - hello api
2025-09-25 16:27:17.115 INFO  [SpringApplicationShutdownHook] org.springframework.boot.web.embedded.tomcat.GracefulShutdown - Commencing graceful shutdown. Waiting for active requests to complete
2025-09-25 16:27:17.122 INFO  [tomcat-shutdown] org.springframework.boot.web.embedded.tomcat.GracefulShutdown - Graceful shutdown complete
